<?xml version="1.0" encoding="UTF-8"?>
<!-- Generated by org.testng.reporters.JUnitReportReporter -->
<testsuite skipped="2" hostname="Dhamo" name="tests.SmokeTest01" tests="3" failures="0" timestamp="23 Mar 2019 06:31:08 GMT" time="116.390" errors="0">
  <testcase name="verifyMenSubCategoryLinks" time="116.390" classname="tests.SmokeTest01"/>
  <testcase name="verifyMenListingPage" classname="tests.SmokeTest01">
    <skipped/>
  </testcase> <!-- verifyMenListingPage -->
  <testcase name="verifyHeaderElements" classname="tests.SmokeTest01">
    <skipped/>
  </testcase> <!-- verifyHeaderElements -->
</testsuite> <!-- tests.SmokeTest01 -->
